============================= test session starts ==============================
platform linux -- Python 3.9.23, pytest-8.4.1, pluggy-1.6.0 -- /home/alon/anaconda3/envs/rmg_env/bin/python3.9
rootdir: /home/alon/Code/RMG-Py-i246-ambipolar-wall-operator
configfile: pytest.ini
plugins: check-2.5.3, cov-6.2.1, anyio-4.10.0
collecting ... collected 19 items

test/rmgpy/solver/plasmaWallTest.py::test_nu_wall_matches_closed_form_rederivation PASSED
test/rmgpy/solver/plasmaWallTest.py::test_nu_wall_geometry_scaling PASSED
test/rmgpy/solver/plasmaWallTest.py::test_wall_loss_is_first_order_in_electron_population PASSED
test/rmgpy/solver/plasmaWallTest.py::test_net_charge_flux_zero_on_neutral_nonzero_on_nonneutral FAILED
test/rmgpy/solver/plasmaWallTest.py::test_net_charge_drift_zero_under_full_residual PASSED
test/rmgpy/solver/plasmaWallTest.py::test_heavy_atom_recycling_conservation PASSED
test/rmgpy/solver/plasmaWallTest.py::test_no_wall_residual_and_jacobian_bitwise_reproducible PASSED
test/rmgpy/solver/plasmaWallTest.py::test_below_threshold_decays_to_extinction_without_negative_amounts PASSED
test/rmgpy/solver/plasmaWallTest.py::test_analytic_jacobian_matches_finite_difference_scan[no wall at all (pre-existing equations)-kwargs0] PASSED
test/rmgpy/solver/plasmaWallTest.py::test_analytic_jacobian_matches_finite_difference_scan[wall, integrated electron-kwargs1] PASSED
test/rmgpy/solver/plasmaWallTest.py::test_analytic_jacobian_matches_finite_difference_scan[wall, quasineutral electron-kwargs2] PASSED
test/rmgpy/solver/plasmaWallTest.py::test_analytic_jacobian_matches_finite_difference_scan[wall + external source-kwargs3] PASSED
test/rmgpy/solver/plasmaWallTest.py::test_analytic_jacobian_matches_finite_difference_scan[gamma = 0.5 (partially pumping)-kwargs4] PASSED
test/rmgpy/solver/plasmaWallTest.py::test_jacobian_scan_negative_control_can_fail PASSED
test/rmgpy/solver/plasmaWallTest.py::test_ionisation_degree_ceiling_raises_naming_ionisation_degree PASSED
test/rmgpy/solver/plasmaWallTest.py::test_nonneutral_initial_state_raises_under_quasineutral_electron PASSED
test/rmgpy/solver/plasmaWallTest.py::test_diffusion_length_and_mobility_must_be_declared_together PASSED
test/rmgpy/solver/plasmaWallTest.py::test_wall_parameter_bounds_each_raise PASSED
test/rmgpy/solver/plasmaWallTest.py::test_quasineutral_electron_row_is_net_charge_with_no_dydt_dependence PASSED

=================================== FAILURES ===================================
__________ test_net_charge_flux_zero_on_neutral_nonzero_on_nonneutral __________

    def test_net_charge_flux_zero_on_neutral_nonzero_on_nonneutral():
        """Net charge flux to the wall is exactly 0.0 on a charge-neutral state,
        and non-zero (both directions) on a deliberately non-neutral one."""
        r, _, _ = _build_reactor(wall=True, with_chemistry=False)
        ie, i_ar, i_arp = _indices(r)
        y = _state_at(r, 1.0e-6)
        r.residual(0.0, y, np.zeros(r.num_core_species, float))
        net_wall_current = float(np.sum(r.species_charges * r.wall_loss_rates))
        assert net_wall_current == 0.0
    
        # excess electrons: net charge goes negative
        y_extra_e = y.copy()
        y_extra_e[ie] *= 1.5
        r.residual(0.0, y_extra_e, np.zeros(r.num_core_species, float))
        net_extra_e = float(np.sum(r.species_charges * r.wall_loss_rates))
        assert net_extra_e != 0.0
>       assert net_extra_e < 0.0
E       assert 9.258839414407903e-05 < 0.0

test/rmgpy/solver/plasmaWallTest.py:233: AssertionError
=========================== short test summary info ============================
FAILED test/rmgpy/solver/plasmaWallTest.py::test_net_charge_flux_zero_on_neutral_nonzero_on_nonneutral
========================= 1 failed, 18 passed in 2.73s =========================
============================= test session starts ==============================
platform linux -- Python 3.9.23, pytest-8.4.1, pluggy-1.6.0 -- /home/alon/anaconda3/envs/rmg_env/bin/python3.9
rootdir: /home/alon/Code/RMG-Py-i246-ambipolar-wall-operator
configfile: pytest.ini
plugins: check-2.5.3, cov-6.2.1, anyio-4.10.0
collecting ... collected 19 items

test/rmgpy/solver/plasmaWallTest.py::test_nu_wall_matches_closed_form_rederivation PASSED
test/rmgpy/solver/plasmaWallTest.py::test_nu_wall_geometry_scaling PASSED
test/rmgpy/solver/plasmaWallTest.py::test_wall_loss_is_first_order_in_electron_population PASSED
test/rmgpy/solver/plasmaWallTest.py::test_net_charge_flux_zero_on_neutral_nonzero_on_nonneutral PASSED
test/rmgpy/solver/plasmaWallTest.py::test_net_charge_drift_zero_under_full_residual PASSED
test/rmgpy/solver/plasmaWallTest.py::test_heavy_atom_recycling_conservation PASSED
test/rmgpy/solver/plasmaWallTest.py::test_no_wall_residual_and_jacobian_bitwise_reproducible PASSED
test/rmgpy/solver/plasmaWallTest.py::test_below_threshold_decays_to_extinction_without_negative_amounts PASSED
test/rmgpy/solver/plasmaWallTest.py::test_analytic_jacobian_matches_finite_difference_scan[no wall at all (pre-existing equations)-kwargs0] PASSED
test/rmgpy/solver/plasmaWallTest.py::test_analytic_jacobian_matches_finite_difference_scan[wall, integrated electron-kwargs1] PASSED
test/rmgpy/solver/plasmaWallTest.py::test_analytic_jacobian_matches_finite_difference_scan[wall, quasineutral electron-kwargs2] PASSED
test/rmgpy/solver/plasmaWallTest.py::test_analytic_jacobian_matches_finite_difference_scan[wall + external source-kwargs3] PASSED
test/rmgpy/solver/plasmaWallTest.py::test_analytic_jacobian_matches_finite_difference_scan[gamma = 0.5 (partially pumping)-kwargs4] PASSED
test/rmgpy/solver/plasmaWallTest.py::test_jacobian_scan_negative_control_can_fail PASSED
test/rmgpy/solver/plasmaWallTest.py::test_ionisation_degree_ceiling_raises_naming_ionisation_degree PASSED
test/rmgpy/solver/plasmaWallTest.py::test_nonneutral_initial_state_raises_under_quasineutral_electron PASSED
test/rmgpy/solver/plasmaWallTest.py::test_diffusion_length_and_mobility_must_be_declared_together PASSED
test/rmgpy/solver/plasmaWallTest.py::test_wall_parameter_bounds_each_raise PASSED
test/rmgpy/solver/plasmaWallTest.py::test_quasineutral_electron_row_is_net_charge_with_no_dydt_dependence PASSED

============================== 19 passed in 2.91s ==============================
